<?xml version="1.0" encoding="UTF-8"?>
<Site BuildName="Linux-g++"
	BuildStamp="20230703-1405-Experimental"
	Name="hecs-214848"
	Generator="ctest-3.16.3"
	CompilerName="/usr/bin/g++"
	CompilerVersion="9.3.0"
	OSName="Linux"
	Hostname="hecs-214848"
	OSRelease="5.4.0-100-generic"
	OSVersion="#113-Ubuntu SMP Thu Feb 3 18:43:29 UTC 2022"
	OSPlatform="x86_64"
	Is64Bits="1"
	VendorString="GenuineIntel"
	VendorID="Intel Corporation"
	FamilyID="6"
	ModelID="85"
	ProcessorCacheSize="30976"
	NumberOfLogicalCPU="2"
	NumberOfPhysicalCPU="1"
	TotalVirtualMemory="0"
	TotalPhysicalMemory="3931"
	LogicalProcessorsPerPhysical="2"
	ProcessorClockFrequency="2200"
	>
	<Testing>
		<StartDateTime>Jul 03 22:05 CST</StartDateTime>
		<StartTestTime>1688393125</StartTestTime>
		<TestList/>
		<EndDateTime>Jul 03 22:05 CST</EndDateTime>
		<EndTestTime>1688393125</EndTestTime>
		<ElapsedMinutes>0</ElapsedMinutes>
	</Testing>
</Site>
